<?xml version="1.0" encoding="UTF-8"?>
<!-- Generated by org.testng.reporters.JUnitXMLReporter -->
<testsuite ignored="0" hostname="Rajivs-MacBook-Pro.local" failures="0" tests="2" name="Surefire test" time="12.244" errors="0" timestamp="03 Feb. 2021 17:40:56 GMT">
  <testcase classname="io.cucumber.testng.AbstractTestNGCucumberTests" name="runScenario" time="3.695"/>
  <testcase classname="io.cucumber.testng.AbstractTestNGCucumberTests" name="runScenario" time="2.766"/>
</testsuite> <!-- Surefire test -->
