<?xml version="1.0" encoding="UTF-8"?>
<!-- Generated by org.testng.reporters.JUnitXMLReporter -->
<testsuite ignored="0" hostname="Rajivs-MacBook-Pro.local" failures="1" tests="1" name="Default test" time="18.176" errors="0" timestamp="03 Feb. 2021 23:05:40 GMT">
  <testcase classname="io.cucumber.testng.AbstractTestNGCucumberTests" name="runScenario" time="12.209">
    <failure type="java.lang.AssertionError" message="Room Name not added">
      <![CDATA[java.lang.AssertionError: Room Name not added
at org.junit.Assert.fail(Assert.java:89)
at org.junit.Assert.assertTrue(Assert.java:42)
at parallel.RoomPageSteps.teacher_verifies_room_added_message_and_room_name_in_the_page(RoomPageSteps.java:49)
at ✽.Teacher verifies Room Added Message and Room Name in the page(file:///Users/rajivvemula/Downloads/SocrativeSelenium/src/java/resources/Features/SmokeTest.feature:19)
]]>
    </failure>
  </testcase> <!-- runScenario -->
</testsuite> <!-- Default test -->
