

<!DOCTYPE html>
<html>
<head>
<meta charset="utf-8">
<meta name="viewport" content="width=device-width, initial-scale=1, shrink-to-fit=no">
<title>Socrative</title>
<link rel="apple-touch-icon" href="https://cdn.jsdelivr.net/gh/extent-framework/extent-github-cdn@b00a2d0486596e73dd7326beacf352c639623a0e/commons/img/logo.png">
<link rel="shortcut icon" href="https://cdn.jsdelivr.net/gh/extent-framework/extent-github-cdn@b00a2d0486596e73dd7326beacf352c639623a0e/commons/img/logo.png">
<link href="https://cdn.jsdelivr.net/gh/extent-framework/extent-github-cdn@c43b89d03a7c43dae8bb8f0f078bad1997af6b3b/spark/css/spark-style.css" rel="stylesheet" />
<link href="https://stackpath.bootstrapcdn.com/font-awesome/4.7.0/css/font-awesome.min.css" rel="stylesheet">
<script src="https://cdn.rawgit.com/extent-framework/extent-github-cdn/7cc78ce/spark/js/jsontree.js"></script>
<style type="text/css"></style></head><body class="spa bdd-report dark">
  <div class="app">
    <div class="layout">
<div class="header navbar">
<div class="vheader">
<div class="nav-logo">
<a href="#">
<div class="logo" style="background-image: url('https://cdn.jsdelivr.net/gh/extent-framework/extent-github-cdn@b00a2d0486596e73dd7326beacf352c639623a0e/commons/img/logo.png')"></div>
</a>
</div>
<ul class="nav-left">
<li class="search-box">
<a class="search-toggle" href="#">
<i class="search-icon fa fa-search"></i>
<i class="search-icon-close fa fa-close"></i>
</a>
</li>
<li class="search-input"><input id="search-tests" class="form-control" type="text" placeholder="Search..."></li>
</ul>
<ul class="nav-right">
<li class="m-r-10">
<a href="#"><span class="badge badge-primary">Socrative Application Report</span></a>
</li>
<li class="m-r-10">
<a href="#"><span class="badge badge-primary">Feb. 9, 2021 09:57:55 a.m.</span></a>
</li>
</ul>
</div>
</div><div class="side-nav">
<div class="side-nav-inner">
<ul class="side-nav-menu">
<li class="nav-item dropdown" onclick="toggleView('dashboard-view')">
<a id="nav-dashboard" class="dropdown-toggle" href="#">
<span class="ico"><i class="fa fa-bar-chart"></i></span>
</a>
</li>
<li class="nav-item dropdown" onclick="toggleView('test-view')">
<a id="nav-test" class="dropdown-toggle" href="#">
<span class="ico"><i class="fa fa-list"></i></span>
</a>
</li>
<li class="nav-item dropdown" onclick="toggleView('category-view')">
<a id="nav-category" class="dropdown-toggle" href="#">
<span class="ico"><i class="fa fa-tag"></i></span>
</a>
</li>
<li class="nav-item dropdown" onclick="toggleView('exception-view')">
<a id="nav-exception" class="dropdown-toggle" href="#">
<span class="ico"><i class="fa fa-bug"></i></span>
</a>
</li>
</ul>
</div>
</div>      <div class="vcontainer">
        <div class="main-content">
<div class="container-fluid p-4 view dashboard-view">
<div class="row">
<div class="col-md-3">
<div class="card"><div class="card-body">
<p class="m-b-0">Started</p>
<h3>Feb. 9, 2021 09:57:55 a.m.</h3>
</div></div>
</div>
<div class="col-md-3">
<div class="card"><div class="card-body">
<p class="m-b-0">Ended</p>
<h3>Feb. 9, 2021 09:58:54 a.m.</h3>
</div></div>
</div>
<div class="col-md-3">
<div class="card"><div class="card-body">
<p class="m-b-0 text-pass">Features Passed</p>
<h3>0</h3>
</div></div>
</div>
<div class="col-md-3">
<div class="card"><div class="card-body">
<p class="m-b-0 text-fail">Features Failed</p>
<h3>1</h3>
</div></div>
</div>
</div>
<div class="row">
<div class="col-md-4">
<div class="card">
<div class="card-header">
<h6 class="card-title">Features</h6>
</div>
<div class="card-body">
<div class="">
<canvas id='parent-analysis' width='115' height='90'></canvas>
</div>
</div>
<div class="card-footer">
<div><small data-tooltip='0%'>
<b>0</b> features passed
</small>
</div>
<div>
<small data-tooltip='100%'><b>1</b> features failed,
<b>0</b> skipped, <b data-tooltip='0%'>0</b> others
</small>
</div>
</div>
</div>
</div>
<div class="col-md-4">
<div class="card">
<div class="card-header">
<h6 class="card-title">Scenarios</h6>
</div>
<div class="card-body">
<div class="">
<canvas id='child-analysis' width='115' height='90'></canvas>
</div>
</div>
<div class="card-footer">
<div><small data-tooltip='0%'><b>0</b> scenarios passed</small></div>
<div>
<small data-tooltip='100%'><b>1</b> scenarios failed,
<b>0</b> skipped, <b data-tooltip='%'>0</b> others
</small>
</div>
</div>
</div>
</div>
<div class="col-md-4">
<div class="card">
<div class="card-header">
<h6 class="card-title">Steps</h6>
</div>
<div class="card-body">
<div class="">
<canvas id='grandchild-analysis' width='115' height='90'></canvas>
</div>
</div>
<div class="card-footer">
<div><small data-tooltip='52%'><b>40</b> steps passed</small></div>
<div>
<small data-tooltip='1%'><b>1</b> steps failed,
<b>35</b> skipped, <b data-tooltip='%'>0</b> others
</small>
</div>
</div>
</div>
</div>
</div>
<div class="row"><div class="col-md-12">
<div class="card"><div class="card-header"><p>Timeline</p></div>
<div class="card-body pt-0"><div>
<canvas id="timeline" height="120"></canvas>
</div></div>
</div>
</div></div>
<script>
var timeline = {
"Smoke Test for Socrative Application":58.526
};
</script>
<div class="row">
<div class="col-md-4 category-container">
<div class="card">
<div class="card-header"><p>Tags</p></div>
<div class="card-body pb-0 pt-0"><table class="table table-sm table-bordered">
<thead><tr class="bg-gray"><th>Name</th><th>Passed</th><th>Failed</th><th>Skipped</th><th>Others</th><th>Passed %</th></tr></thead><tbody>
<tr>
<td>@Smoke</td>
<td>0</td>
<td>2</td>
<td>0</td>
<td>0</td>
<td>0%</td>
</tr>
<tr>
<td>@CreateRoom</td>
<td>0</td>
<td>1</td>
<td>0</td>
<td>0</td>
<td>0%</td>
</tr>
</tbody>
</table></div>
</div>
</div>
<div class="col-md-4 sysenv-container">
<div class="card">
<div class="card-header"><p>System/Environment</p></div>
<div class="card-body pb-0 pt-0"><table class="table table-sm table-bordered">
<thead><tr class="bg-gray"><th>Name</th><th>Value</th></tr></thead>
<tbody>
<tr>
<td>AppName</td>
<td>AutomationSocrative</td>
</tr>
<tr>
<td>user</td>
<td>Rajiv</td>
</tr>
<tr>
<td>build</td>
<td>1.1</td>
</tr>
<tr>
<td>os</td>
<td>Mac</td>
</tr>
</tbody>
</table></div>
</div>
</div>
</div>
</div>
<script>
var statusGroup = {
parentCount: 5,
passParent: 0,
failParent: 1,
warningParent: 0,
skipParent: 0,
childCount: 5,
passChild: 0,
failChild: 1,
warningChild: 0,
skipChild: 0,
infoChild: 0,
grandChildCount: 5,
passGrandChild: 40,
failGrandChild: 1,
warningGrandChild: 0,
skipGrandChild: 35,
infoGrandChild: 0,
eventsCount: 5,
};
</script><div class="test-wrapper row view test-view">
  <div class="test-list">
    <div class="test-list-tools">
<ul class="tools pull-left">
<li><a href="#"><span class="font-size-14">Tests</span></a></li>
</ul>
<ul class="tools text-right">
<li class="dropdown">
<a href="#" class="dropdown-toggle" data-toggle="dropdown"><i class="fa fa-exclamation-circle"></i></a>
<ul id="status-toggle" class="dropdown-menu dropdown-md p-v-0">
<a class="dropdown-item" status="fail" href="#"><span>Fail</span><span class="status danger"></span></a>
<div class="dropdown-divider"></div>
<a status="clear" class="dropdown-item" href="#"><span>Clear</span><span class="pull-right"><i class="fa fa-close"></i></span></a>
</ul>
</li>
<li class="dropdown">
<a href="#" class="dropdown-toggle" data-toggle="dropdown"><i class="fa fa-tag"></i></a>
<ul id="tag-toggle" class="dropdown-menu dropdown-md p-v-0">
<a class="dropdown-item" href="#">@Smoke</a><a class="dropdown-item" href="#">@CreateRoom</a>
</ul>
</li>
</ul>
</div>    <div class="test-list-wrapper scrollable">
      <ul class="test-list-item">
        <li class="test-item"  status="fail" test-id="1"
          author=""
          tag="@Smoke"
          device="">
          <div class="test-detail">
            <p class="name">Smoke Test for Socrative Application</p>
            <p class="text-sm">
              <span>09:57:55 a.m.</span> / <span>00:00:58:526</span>
              <span class="badge fail-bg log float-right">Fail</span>
            </p>
          </div>
          <div class="test-contents d-none">
<div class="detail-head">
<div class="p-v-10">
<div class="info">
<h5 class="test-status text-fail">Smoke Test for Socrative Application</h5>
<span class='badge badge-success'>02.09.2021 09:57:55</span>
<span class='badge badge-danger'>02.09.2021 09:58:54</span>
<span class='badge badge-default'>00:00:58:526</span>
&middot; <span class='uri-anchor badge badge-default'>#test-id=1</span>
</div>
<div class="m-t-15"><span class="badge badge-pill badge-default">@Smoke</span></div>
<div class="m-t-10 m-l-5"></div>
</div>
</div>
<div class="accordion mt-4">
  <div class="card">
    <div class="card-header" role="tab">
      <div class="card-title">
        <div class="node" id="2"><span class="badge log fail-bg mr-2">Fail</span>Smoke Test</div>
          <div class="status-avatar float-right mr-4">
            <i class="fa fa-paperclip"></i>
          </div>
      </div>
    </div>
        <div class="">
          <div class="card-body">
              <div class="step pass-bg" title="stepDefinitions.LoginPageSteps.teacher_navigates_to_socrative_login_page()">
                <span>Given Teacher navigates to Socrative Login Page</span>
      <div>
      </div>
              </div>
              <div class="step pass-bg" title="stepDefinitions.LoginPageSteps.teacher_enters_username_and_password(io.cucumber.datatable.DataTable)">
                <span>When Teacher enters Username and Password</span>
      <div><table class='markup-table table '><tr><td>rajiv@showbie.com</td><td>92cktaYV@</td></tr></table>
      </div>
      <div>
      </div>
              </div>
              <div class="step pass-bg" title="stepDefinitions.LoginPageSteps.teacher_views_the_reset_password_and_create_account_links(java.lang.String,java.lang.String)">
                <span>Then Teacher views the "Reset password" and "Create account" Links</span>
      <div>
      </div>
              </div>
              <div class="step pass-bg" title="stepDefinitions.LoginPageSteps.teacher_clicks_on_sign_in_button()">
                <span>When Teacher clicks on Sign In Button</span>
      <div>
      </div>
              </div>
              <div class="step pass-bg" title="stepDefinitions.LoginPageSteps.teacher_views_the_socrative_home_page()">
                <span>Then Teacher views the Socrative Home Page</span>
      <div>
      </div>
              </div>
              <div class="step pass-bg" title="stepDefinitions.RoomPageSteps.teacher_clicks_on_rooms_tab()">
                <span>When Teacher clicks on Rooms Tab</span>
      <div>
      </div>
              </div>
              <div class="step pass-bg" title="stepDefinitions.RoomPageSteps.teacher_views_rooms_page(java.lang.String)">
                <span>Then Teacher views "Rooms" Page</span>
      <div>
      </div>
              </div>
              <div class="step pass-bg" title="stepDefinitions.RoomPageSteps.teacher_clicks_on_add_room()">
                <span>When Teacher clicks on Add Room</span>
      <div>
      </div>
              </div>
              <div class="step pass-bg" title="stepDefinitions.RoomPageSteps.teacher_enters_the_room_name_and_clicks_on_add()">
                <span>And Teacher enters the Room Name and clicks on Add</span>
      <div>
      </div>
              </div>
              <div class="step pass-bg" title="stepDefinitions.RoomPageSteps.teacher_verifies_room_added_message_and_room_name_in_the_page()">
                <span>Then Teacher verifies Room Added Message and Room Name in the page</span>
      <div>
      </div>
              </div>
              <div class="step pass-bg" title="stepDefinitions.RoomPageSteps.teacher_clicks_on_the_room_name_and_confirms_the_popup()">
                <span>When Teacher clicks on the Room Name and confirms the Popup</span>
      <div>
      </div>
              </div>
              <div class="step pass-bg" title="stepDefinitions.LaunchPageSteps.teacher_verifies_control_is_in_the_page(java.lang.String)">
                <span>Then Teacher verifies the control is in the "Launch" Page</span>
      <div>
      </div>
              </div>
              <div class="step pass-bg" title="stepDefinitions.RoomPageSteps.teacher_verifies_room_name_is_displayed_on_the_centre_of_page()">
                <span>And Teacher verifies Room Name is displayed on the centre of page</span>
      <div>
      </div>
              </div>
              <div class="step pass-bg" title="stepDefinitions.QuizzesPageSteps.teacher_clicks_on_quizzes_tab()">
                <span>When Teacher clicks on Quizzes Tab</span>
      <div>
      </div>
              </div>
              <div class="step pass-bg" title="stepDefinitions.QuizzesPageSteps.teacher_views_the_page(java.lang.String)">
                <span>Then Teacher views the "Quizzes" Page</span>
      <div>
      </div>
              </div>
              <div class="step pass-bg" title="stepDefinitions.QuizzesPageSteps.teacher_clicks_on_add_quiz_and_create_new()">
                <span>When Teacher clicks on Add Quiz and Create New</span>
      <div>
      </div>
              </div>
              <div class="step pass-bg" title="stepDefinitions.QuizzesPageSteps.teacher_views_the_default_name_toggles_and_question_types_in_the_page()">
                <span>Then Teacher views the default name, toggles and question types in the page</span>
      <div>
      </div>
              </div>
              <div class="step pass-bg" title="stepDefinitions.QuizzesPageSteps.teacher_enters_the_quiz_name()">
                <span>When Teacher enters the Quiz Name</span>
      <div>
      </div>
              </div>
              <div class="step pass-bg" title="stepDefinitions.QuizzesPageSteps.teacher_clicks_on_multiple_choice_question_type()">
                <span>And Teacher clicks on Multiple Choice Question Type</span>
      <div>
      </div>
              </div>
              <div class="step pass-bg" title="stepDefinitions.QuizzesPageSteps.teacher_views_the_mc_type_with_all_the_default_options()">
                <span>Then Teacher views the MC Type with all the default options</span>
      <div>
      </div>
              </div>
              <div class="step pass-bg" title="stepDefinitions.QuizzesPageSteps.teacher_enters_multiple_choice_question()">
                <span>When Teacher enters Multiple Choice Question</span>
      <div>
      </div>
              </div>
              <div class="step pass-bg" title="stepDefinitions.QuizzesPageSteps.teacher_enters_the_options_answers_for_the_question()">
                <span>And Teacher enters the Options/Answers for the question</span>
      <div>
      </div>
              </div>
              <div class="step pass-bg" title="stepDefinitions.QuizzesPageSteps.teacher_chooses_right_answer_for_mc_question()">
                <span>And Teacher chooses right answer for MC Question</span>
      <div>
      </div>
              </div>
              <div class="step pass-bg" title="stepDefinitions.QuizzesPageSteps.teacher_clicks_on_save_question_button()">
                <span>And Teacher clicks on Save Question button</span>
      <div>
      </div>
              </div>
              <div class="step pass-bg" title="stepDefinitions.QuizzesPageSteps.teacher_views_the_multiple_choice_question_is_saved_into_quiz()">
                <span>Then Teacher views the Multiple Choice Question is Saved into Quiz</span>
      <div>
      </div>
              </div>
              <div class="step pass-bg" title="stepDefinitions.QuizzesPageSteps.teacher_views_add_a_question_text_with_question_types(java.lang.String)">
                <span>And Teacher views "Add a Question" text with Question Types</span>
      <div>
      </div>
              </div>
              <div class="step pass-bg" title="stepDefinitions.QuizzesPageSteps.teacher_clicks_on_true_false_question()">
                <span>When Teacher clicks on True/False Question</span>
      <div>
      </div>
              </div>
              <div class="step pass-bg" title="stepDefinitions.QuizzesPageSteps.teacher_views_the_tf_type_with_all_the_default_options()">
                <span>Then Teacher views the TF Type with all the default options</span>
      <div>
      </div>
              </div>
              <div class="step pass-bg" title="stepDefinitions.QuizzesPageSteps.teachers_enters_the_true_false_question()">
                <span>When Teachers enters the True/False Question</span>
      <div>
      </div>
              </div>
              <div class="step pass-bg" title="stepDefinitions.QuizzesPageSteps.teacher_selects_the_correct_option()">
                <span>And Teacher selects the correct option</span>
      <div>
      </div>
              </div>
              <div class="step pass-bg" title="stepDefinitions.QuizzesPageSteps.teacher_enters_explanation_for_the_tf_question()">
                <span>And Teacher enters the Explanation for the TF Question</span>
      <div>
      </div>
              </div>
              <div class="step pass-bg" title="stepDefinitions.QuizzesPageSteps.teacher_clicks_on_save_question_button()">
                <span>And Teacher clicks on Save Question button</span>
      <div>
      </div>
              </div>
              <div class="step pass-bg" title="stepDefinitions.QuizzesPageSteps.teacher_views_the_true_false_question_is_added_into_quiz()">
                <span>Then Teacher views the True/False Question is Added into Quiz</span>
      <div>
      </div>
              </div>
              <div class="step pass-bg" title="stepDefinitions.QuizzesPageSteps.teacher_clicks_on_short_answer_question()">
                <span>When Teacher clicks on Short Answer Question</span>
      <div>
      </div>
              </div>
              <div class="step pass-bg" title="stepDefinitions.QuizzesPageSteps.teacher_views_the_sa_type_with_all_the_default_options()">
                <span>Then Teacher views the SA Type with all the default options</span>
      <div>
      </div>
              </div>
              <div class="step pass-bg" title="stepDefinitions.QuizzesPageSteps.teacher_enters_the_short_answer_question()">
                <span>When Teacher enters the Short Answer Question</span>
      <div>
      </div>
              </div>
              <div class="step pass-bg" title="stepDefinitions.QuizzesPageSteps.teacher_enters_the_correct_answers_for_sa_question()">
                <span>And Teacher enters the correct answers for SA Question</span>
      <div>
      </div>
              </div>
              <div class="step pass-bg" title="stepDefinitions.QuizzesPageSteps.teacher_clicks_on_save_question_button()">
                <span>And Teacher clicks on Save Question button</span>
      <div>
      </div>
              </div>
              <div class="step pass-bg" title="stepDefinitions.QuizzesPageSteps.teacher_views_the_sa_question_is_saved_into_quiz()">
                <span>Then Teacher views the SA Question is saved into Quiz</span>
      <div>
      </div>
              </div>
              <div class="step fail-bg" title="stepDefinitions.QuizzesPageSteps.teacher_clicks_on_save_and_exit_button_to_save_the_quiz()">
                <span>When Teacher clicks on Save and Exit Button to Save the Quiz</span>
      <div>
        <textarea disabled class="code-block">org.openqa.selenium.TimeoutException: Expected condition failed: waiting for element to be clickable: By.cssSelector: button[aria-label='Save Question'] (tried for 30 second(s) with 500 milliseconds interval)
	at org.openqa.selenium.support.ui.WebDriverWait.timeoutException(WebDriverWait.java:95)
	at org.openqa.selenium.support.ui.FluentWait.until(FluentWait.java:272)
	at com.pages.QuizzesPage.clickOnSaveQuestion(QuizzesPage.java:182)
	at stepDefinitions.QuizzesPageSteps.teacher_clicks_on_save_and_exit_button_to_save_the_quiz(QuizzesPageSteps.java:152)
	at âœ½.Teacher clicks on Save and Exit Button to Save the Quiz(file:///Users/rajivvemula/Downloads/SocrativeSelenium/src/java/resources/Features/SmokeTest.feature:63)
Caused by: org.openqa.selenium.NoSuchElementException: no such element: Unable to locate element: {"method":"css selector","selector":"button[aria-label='Save Question']"}
  (Session info: chrome=88.0.4324.146)
For documentation on this error, please visit: https://www.seleniumhq.org/exceptions/no_such_element.html
Build info: version: '3.141.59', revision: 'e82be7d358', time: '2018-11-14T08:17:03'
System info: host: 'Rajivs-MacBook-Pro.local', ip: '2001:56a:f306:4200:3d15:6651:b85e:7210%en0', os.name: 'Mac OS X', os.arch: 'x86_64', os.version: '10.16', java.version: '15.0.1'
Driver info: org.openqa.selenium.chrome.ChromeDriver
Capabilities {acceptInsecureCerts: false, browserName: chrome, browserVersion: 88.0.4324.146, chrome: {chromedriverVersion: 88.0.4324.96 (68dba2d8a0b14..., userDataDir: /var/folders/h3/9rhxvzdj7_q...}, goog:chromeOptions: {debuggerAddress: localhost:62053}, javascriptEnabled: true, networkConnectionEnabled: false, pageLoadStrategy: normal, platform: MAC, platformName: MAC, proxy: Proxy(), setWindowRect: true, strictFileInteractability: false, timeouts: {implicit: 0, pageLoad: 300000, script: 30000}, unhandledPromptBehavior: dismiss and notify, webauthn:extension:largeBlob: true, webauthn:virtualAuthenticators: true}
Session ID: 5e1e0d6975a1272e14cc3183b3bb3784
*** Element info: {Using=css selector, value=button[aria-label='Save Question']}
	at jdk.internal.reflect.GeneratedConstructorAccessor16.newInstance(Unknown Source)
	at java.base/jdk.internal.reflect.DelegatingConstructorAccessorImpl.newInstance(DelegatingConstructorAccessorImpl.java:45)
	at java.base/java.lang.reflect.Constructor.newInstanceWithCaller(Constructor.java:500)
	at java.base/java.lang.reflect.Constructor.newInstance(Constructor.java:481)
	at org.openqa.selenium.remote.http.W3CHttpResponseCodec.createException(W3CHttpResponseCodec.java:187)
	at org.openqa.selenium.remote.http.W3CHttpResponseCodec.decode(W3CHttpResponseCodec.java:122)
	at org.openqa.selenium.remote.http.W3CHttpResponseCodec.decode(W3CHttpResponseCodec.java:49)
	at org.openqa.selenium.remote.HttpCommandExecutor.execute(HttpCommandExecutor.java:158)
	at org.openqa.selenium.remote.service.DriverCommandExecutor.execute(DriverCommandExecutor.java:83)
	at org.openqa.selenium.remote.RemoteWebDriver.execute(RemoteWebDriver.java:552)
	at org.openqa.selenium.remote.RemoteWebDriver.findElement(RemoteWebDriver.java:323)
	at org.openqa.selenium.remote.RemoteWebDriver.findElementByCssSelector(RemoteWebDriver.java:420)
	at org.openqa.selenium.By$ByCssSelector.findElement(By.java:431)
	at org.openqa.selenium.remote.RemoteWebDriver.findElement(RemoteWebDriver.java:315)
	at org.openqa.selenium.support.ui.ExpectedConditions$7.apply(ExpectedConditions.java:205)
	at org.openqa.selenium.support.ui.ExpectedConditions$7.apply(ExpectedConditions.java:201)
	at org.openqa.selenium.support.ui.ExpectedConditions$22.apply(ExpectedConditions.java:641)
	at org.openqa.selenium.support.ui.ExpectedConditions$22.apply(ExpectedConditions.java:638)
	at org.openqa.selenium.support.ui.FluentWait.until(FluentWait.java:249)
	at com.pages.QuizzesPage.clickOnSaveQuestion(QuizzesPage.java:182)
	at stepDefinitions.QuizzesPageSteps.teacher_clicks_on_save_and_exit_button_to_save_the_quiz(QuizzesPageSteps.java:152)
	at java.base/jdk.internal.reflect.NativeMethodAccessorImpl.invoke0(Native Method)
	at java.base/jdk.internal.reflect.NativeMethodAccessorImpl.invoke(NativeMethodAccessorImpl.java:64)
	at java.base/jdk.internal.reflect.DelegatingMethodAccessorImpl.invoke(DelegatingMethodAccessorImpl.java:43)
	at java.base/java.lang.reflect.Method.invoke(Method.java:564)
	at io.cucumber.java.Invoker.doInvoke(Invoker.java:66)
	at io.cucumber.java.Invoker.invoke(Invoker.java:24)
	at io.cucumber.java.AbstractGlueDefinition.invokeMethod(AbstractGlueDefinition.java:47)
	at io.cucumber.java.JavaStepDefinition.execute(JavaStepDefinition.java:29)
	at io.cucumber.core.runner.CoreStepDefinition.execute(CoreStepDefinition.java:66)
	at io.cucumber.core.runner.PickleStepDefinitionMatch.runStep(PickleStepDefinitionMatch.java:63)
	at io.cucumber.core.runner.ExecutionMode$1.execute(ExecutionMode.java:10)
	at io.cucumber.core.runner.TestStep.executeStep(TestStep.java:92)
	at io.cucumber.core.runner.TestStep.run(TestStep.java:64)
	at io.cucumber.core.runner.PickleStepTestStep.run(PickleStepTestStep.java:51)
	at io.cucumber.core.runner.TestCase.run(TestCase.java:104)
	at io.cucumber.core.runner.Runner.runPickle(Runner.java:71)
	at io.cucumber.testng.TestNGCucumberRunner.lambda$runScenario$0(TestNGCucumberRunner.java:116)
	at io.cucumber.core.runtime.CucumberExecutionContext.runTestCase(CucumberExecutionContext.java:117)
	at io.cucumber.testng.TestNGCucumberRunner.runScenario(TestNGCucumberRunner.java:113)
	at io.cucumber.testng.AbstractTestNGCucumberTests.runScenario(AbstractTestNGCucumberTests.java:31)
	at java.base/jdk.internal.reflect.NativeMethodAccessorImpl.invoke0(Native Method)
	at java.base/jdk.internal.reflect.NativeMethodAccessorImpl.invoke(NativeMethodAccessorImpl.java:64)
	at java.base/jdk.internal.reflect.DelegatingMethodAccessorImpl.invoke(DelegatingMethodAccessorImpl.java:43)
	at java.base/java.lang.reflect.Method.invoke(Method.java:564)
	at org.testng.internal.MethodInvocationHelper.invokeMethod(MethodInvocationHelper.java:124)
	at org.testng.internal.Invoker.invokeMethod(Invoker.java:583)
	at org.testng.internal.Invoker.invokeTestMethod(Invoker.java:719)
	at org.testng.internal.Invoker.invokeTestMethods(Invoker.java:989)
	at org.testng.internal.TestMethodWorker.invokeTestMethods(TestMethodWorker.java:125)
	at org.testng.internal.TestMethodWorker.run(TestMethodWorker.java:109)
	at org.testng.TestRunner.privateRun(TestRunner.java:648)
	at org.testng.TestRunner.run(TestRunner.java:505)
	at org.testng.SuiteRunner.runTest(SuiteRunner.java:455)
	at org.testng.SuiteRunner.runSequentially(SuiteRunner.java:450)
	at org.testng.SuiteRunner.privateRun(SuiteRunner.java:415)
	at org.testng.SuiteRunner.run(SuiteRunner.java:364)
	at org.testng.SuiteRunnerWorker.runSuite(SuiteRunnerWorker.java:52)
	at org.testng.SuiteRunnerWorker.run(SuiteRunnerWorker.java:84)
	at org.testng.TestNG.runSuitesSequentially(TestNG.java:1208)
	at org.testng.TestNG.runSuitesLocally(TestNG.java:1137)
	at org.testng.TestNG.runSuites(TestNG.java:1049)
	at org.testng.TestNG.run(TestNG.java:1017)
	at org.testng.remote.AbstractRemoteTestNG.run(AbstractRemoteTestNG.java:115)
	at org.testng.remote.RemoteTestNG.initAndRun(RemoteTestNG.java:251)
	at org.testng.remote.RemoteTestNG.main(RemoteTestNG.java:77)
</textarea>
      
      </div>
              </div>
              <div class="step skip-bg" title="stepDefinitions.QuizzesPageSteps.teacher_views_the_quiz_is_saved_in_the_top_of_the_quiz_list_in_quizzes_tab()">
                <span>Then Teacher views the Quiz is saved in the top of the Quiz List in Quizzes Tab</span>
      <div>Step skipped
      </div>
              </div>
              <div class="step skip-bg" title="stepDefinitions.LaunchPageSteps.teacher_clicks_on_launch_tab()">
                <span>When Teacher clicks on Launch Tab</span>
      <div>Step skipped
      </div>
              </div>
              <div class="step skip-bg" title="stepDefinitions.LaunchPageSteps.teacher_verifies_control_is_in_the_page(java.lang.String)">
                <span>Then Teacher verifies the control is in the "Launch" Page</span>
      <div>Step skipped
      </div>
              </div>
              <div class="step skip-bg" title="stepDefinitions.LaunchPageSteps.teacher_clicks_on_quiz()">
                <span>When Teacher clicks on Quiz</span>
      <div>Step skipped
      </div>
              </div>
              <div class="step skip-bg" title="stepDefinitions.LaunchPageSteps.teacher_selects_the_quiz_from_the_list_and_click_on_next()">
                <span>And Teacher selects the Quiz from the list and click on Next</span>
      <div>Step skipped
      </div>
              </div>
              <div class="step skip-bg" title="stepDefinitions.LaunchPageSteps.teacher_enters_the_delivery_method_and_settings_and_click_on_start(java.lang.String)">
                <span>And Teacher enters the Delivery Method as "Instant Feedback" and Settings and click on Start</span>
      <div>Step skipped
      </div>
              </div>
              <div class="step skip-bg" title="stepDefinitions.LaunchPageSteps.teacher_verifies_control_is_in_the_page(java.lang.String)">
                <span>Then Teacher verifies the control is in the "Results" Page</span>
      <div>Step skipped
      </div>
              </div>
              <div class="step skip-bg" title="stepDefinitions.ResultsPageSteps.teacher_verifies_the_activity_is_from_results_page(java.lang.String)">
                <span>And Teacher verifies the activity is "Active" from Results Page</span>
      <div>Step skipped
      </div>
              </div>
              <div class="step skip-bg" title="stepDefinitions.ResultsPageSteps.teacher_views_the_quiz_name_show_names_responses_and_results_toggle_in_the_page()">
                <span>And Teacher views the QuizName, Show Names, Responses and Results Toggle in the page</span>
      <div>Step skipped
      </div>
              </div>
              <div class="step skip-bg" title="stepDefinitions.ResultsPageSteps.teacher_clicks_on_finish_button_on_results()">
                <span>When Teacher clicks on Finish Button on results Page</span>
      <div>Step skipped
      </div>
              </div>
              <div class="step skip-bg" title="stepDefinitions.ResultsPageSteps.teacher_views_the_popup_on_the_page(java.lang.String)">
                <span>Then Teacher views the "Finish Activity?" Popup on the page</span>
      <div>Step skipped
      </div>
              </div>
              <div class="step skip-bg" title="stepDefinitions.ResultsPageSteps.teacher_clicks_on_finish_button_in_the_popup(java.lang.String)">
                <span>When Teacher clicks on "Finish" Button in the Popup</span>
      <div>Step skipped
      </div>
              </div>
              <div class="step skip-bg" title="stepDefinitions.ResultsPageSteps.teacher_verifies_the_activity_is_from_results_page(java.lang.String)">
                <span>Then Teacher verifies the activity is "InActive" from Results Page</span>
      <div>Step skipped
      </div>
              </div>
              <div class="step skip-bg" title="stepDefinitions.ResultsPageSteps.teacher_views_the_toggles_share_and_export_button()">
                <span>And Teacher views the Toggles, Share and Export Button</span>
      <div>Step skipped
      </div>
              </div>
              <div class="step skip-bg" >
                <span>When Teacher clicks on the any question</span>
      <div>Step skipped
      </div>
              </div>
              <div class="step skip-bg" >
                <span>Then Teacher views the question with buttons for respective question types</span>
      <div>Step skipped
      </div>
              </div>
              <div class="step skip-bg" title="stepDefinitions.ResultsPageSteps.teacher_views_the_navigate_between_question_button()">
                <span>And Teacher views the navigate between question button</span>
      <div>Step skipped
      </div>
              </div>
              <div class="step skip-bg" >
                <span>When Teacher clicks on "Back To Results Table" button</span>
      <div>Step skipped
      </div>
              </div>
              <div class="step skip-bg" title="stepDefinitions.LaunchPageSteps.teacher_verifies_control_is_in_the_page(java.lang.String)">
                <span>Then Teacher verifies the control is in the "Reports" Page</span>
      <div>Step skipped
      </div>
              </div>
              <div class="step skip-bg" >
                <span>When Teacher clicks on Results Tab</span>
      <div>Step skipped
      </div>
              </div>
              <div class="step skip-bg" >
                <span>And Teacher clicks on Launch Activity Button</span>
      <div>Step skipped
      </div>
              </div>
              <div class="step skip-bg" title="stepDefinitions.LaunchPageSteps.teacher_verifies_control_is_in_the_page(java.lang.String)">
                <span>Then Teacher verifies the control is in the "Launch" Page</span>
      <div>Step skipped
      </div>
              </div>
              <div class="step skip-bg" >
                <span>When Teacher clicks on Short Answer from Quick Question Section</span>
      <div>Step skipped
      </div>
              </div>
              <div class="step skip-bg" >
                <span>Then Teacher verifies SA View with default options</span>
      <div>Step skipped
      </div>
              </div>
              <div class="step skip-bg" >
                <span>When Teacher enters the question under Optional Question Section</span>
      <div>Step skipped
      </div>
              </div>
              <div class="step skip-bg" >
                <span>And Teacher selects the toggles for Unlimited Responses and Student Names</span>
      <div>Step skipped
      </div>
              </div>
              <div class="step skip-bg" >
                <span>And Teacher clicks on Start Button</span>
      <div>Step skipped
      </div>
              </div>
              <div class="step skip-bg" title="stepDefinitions.LaunchPageSteps.teacher_verifies_control_is_in_the_page(java.lang.String)">
                <span>Then Teacher verifies the control is in the "Results" Page</span>
      <div>Step skipped
      </div>
              </div>
              <div class="step skip-bg" >
                <span>And Teacher views the "Quick Question" text with current date and time</span>
      <div>Step skipped
      </div>
              </div>
              <div class="step skip-bg" >
                <span>And Teacher views the Start Vote, Show Answers, Show Names Buttons</span>
      <div>Step skipped
      </div>
              </div>
              <div class="step skip-bg" title="stepDefinitions.ResultsPageSteps.teacher_verifies_the_activity_is_from_results_page(java.lang.String)">
                <span>And Teacher verifies the activity is "Active" from Results Page</span>
      <div>Step skipped
      </div>
              </div>
              <div class="step skip-bg" title="stepDefinitions.ResultsPageSteps.teacher_clicks_on_finish_button_on_results()">
                <span>When Teacher clicks on Finish Button on results Page</span>
      <div>Step skipped
      </div>
              </div>
              <div class="step skip-bg" title="stepDefinitions.ResultsPageSteps.teacher_views_the_popup_on_the_page(java.lang.String)">
                <span>Then Teacher views the "Finish Activity?" Popup on the page</span>
      <div>Step skipped
      </div>
              </div>
              <div class="step skip-bg" title="stepDefinitions.ResultsPageSteps.teacher_clicks_on_finish_button_in_the_popup(java.lang.String)">
                <span>When Teacher clicks on "Finish" Button in the Popup</span>
      <div>Step skipped
      </div>
              </div>
              <div class="step skip-bg" title="stepDefinitions.ResultsPageSteps.teacher_verifies_the_activity_is_from_results_page(java.lang.String)">
                <span>Then Teacher verifies the activity is "InActive" from Results Page</span>
      <div>Step skipped
      </div>
              </div>
              <div class="step pass-bg" title="AFTER">
                <span>stepDefinitions.SocrativeHooks.tearDown(io.cucumber.java.Scenario)</span>
      <div>Smoke_Test
          <div class="row mb-3"><div class="col-md-3">
    <img data-featherlight='../embedded1.png' src="../embedded1.png">
    
    </div></div>
</div>
      <div>
      </div>
              </div>
          </div>
        </div>
  </div>
</div>
          </div>
        </li>
      </ul>
    </div>
  </div>
<div class="test-content scrollable">
<div class="test-content-tools">
<ul><li><a class="back-to-test" href="#"><i class="fa fa-arrow-left"></i></a></li></ul>
</div>
<div class="test-content-detail"><div class="detail-body"></div></div>
</div></div>
<div class="test-wrapper row view category-view attributes-view">
<div class="test-list">
<div class="test-list-tools">
<ul class="tools pull-left"><li><a href=""><span class="font-size-14">Category</span></a></li></ul>
<ul class="tools text-right"><li><a href="#"><span class="badge badge-primary">2</span></a></li></ul>
</div>
<div class="test-list-wrapper scrollable">
<ul class="test-list-item">
<li class="test-item">
<div class="test-detail">
<span class="meta">
<span class='badge log badge-danger'>2</span>
</span>
<p class="name">@Smoke</p>
<p class="duration text-sm">2 tests</p>
</div>
<div class="test-contents d-none">
<div class="info">
<h4>@Smoke</h4>
<span status="fail" class='badge log badge-danger'>2 failed</span>
</div>
<table class='table table-sm mt-4'>
<thead>
<tr>
<th class="status-col">Status</th>
<th class="timestamp-col">Timestamp</th>
<th>TestName</th>
</tr>
</thead>
<tbody>
<tr class="tag-test-status" status="fail">
<td><span class="badge log fail-bg">Fail</span></td>
<td>09:57:55 a.m.</td>
<td>
<a href="#" class="linked" test-id='1' id='1'>Smoke Test for Socrative Application</a>
</td>
</tr>
<tr class="tag-test-status" status="fail">
<td><span class="badge log fail-bg">Fail</span></td>
<td>09:57:55 a.m.</td>
<td>
<a href="#" class="linked" test-id='1' id='2'>Smoke Test</a>
<div class="">
<span class="badge badge-default">Smoke Test for Socrative Application.Smoke Test</span>
</div>
</td>
</tr>
</tbody>
</table>
</div>
</li>
<li class="test-item">
<div class="test-detail">
<span class="meta">
<span class='badge log badge-danger'>1</span>
</span>
<p class="name">@CreateRoom</p>
<p class="duration text-sm">1 tests</p>
</div>
<div class="test-contents d-none">
<div class="info">
<h4>@CreateRoom</h4>
<span status="fail" class='badge log badge-danger'>1 failed</span>
</div>
<table class='table table-sm mt-4'>
<thead>
<tr>
<th class="status-col">Status</th>
<th class="timestamp-col">Timestamp</th>
<th>TestName</th>
</tr>
</thead>
<tbody>
<tr class="tag-test-status" status="fail">
<td><span class="badge log fail-bg">Fail</span></td>
<td>09:57:55 a.m.</td>
<td>
<a href="#" class="linked" test-id='1' id='2'>Smoke Test</a>
<div class="">
<span class="badge badge-default">Smoke Test for Socrative Application.Smoke Test</span>
</div>
</td>
</tr>
</tbody>
</table>
</div>
</li>
</ul>
</div>
</div>
<div class="test-content scrollable">
<div class="test-content-detail">
<div class="detail-body"></div>
</div>
</div>
</div><div class="test-wrapper row view exception-view attributes-view">
<div class="test-list">
<div class="test-list-tools">
<ul class="tools pull-left"><li><a href=""><span class="font-size-14">Exception</span></a></li></ul>
<ul class="tools text-right"><li><a href="#"><span class="badge badge-primary">1</span></a></li></ul>
</div>
<div class="test-list-wrapper scrollable">
<ul class="test-list-item">
<li class="test-item">
<div class="test-detail">
<span class="meta">
<span class='badge log badge-danger'>1</span>
</span>
<p class="name">org.openqa.selenium.TimeoutException</p>
<p class="duration text-sm">1 tests</p>
</div>
<div class="test-contents d-none">
<div class="info">
<h4>org.openqa.selenium.TimeoutException</h4>
<span status="fail" class='badge log badge-danger'>1 failed</span>
</div>
<table class='table table-sm mt-4'>
<thead>
<tr>
<th class="status-col">Status</th>
<th class="timestamp-col">Timestamp</th>
<th>TestName</th>
</tr>
</thead>
<tbody>
<tr class="tag-test-status" status="fail">
<td><span class="badge log fail-bg">Fail</span></td>
<td>09:58:22 a.m.</td>
<td>
<a href="#" class="linked" test-id='1' id='44'>When Teacher clicks on Save and Exit Button to Save the Quiz</a>
<div class="">
<span class="badge badge-default">Smoke Test for Socrative Application.Smoke Test.When Teacher clicks on Save and Exit Button to Save the Quiz</span>
</div>
</td>
</tr>
</tbody>
</table>
</div>
</li>
</ul>
</div>
</div>
<div class="test-content scrollable">
<div class="test-content-detail">
<div class="detail-body"></div>
</div>
</div>
</div>        </div>
      </div>
    </div>
  </div>
<script src="https://cdn.jsdelivr.net/gh/extent-framework/extent-github-cdn@14e9bb345ef7e2ed3a102f271d84e9f0267c88e7/spark/js/spark-script.js"></script>
<script type="text/javascript"></script></body>
</html>