{
  "stats": {
    "suites": 2,
    "tests": 6,
    "passes": 6,
    "pending": 0,
    "failures": 0,
    "start": "2021-01-19T19:05:59.970Z",
    "end": "2021-01-19T19:06:05.717Z",
    "duration": 5747,
    "testsRegistered": 6,
    "passPercent": 100,
    "pendingPercent": 0,
    "other": 0,
    "hasOther": false,
    "skipped": 0,
    "hasSkipped": false
  },
  "results": [
    {
      "uuid": "9e2f37b2-cfa9-469a-abce-a59bc733968a",
      "title": "",
      "fullFile": "cypress/integration/pipeline/misc.spec.js",
      "file": "cypress/integration/pipeline/misc.spec.js",
      "beforeHooks": [],
      "afterHooks": [],
      "tests": [],
      "suites": [
        {
          "uuid": "d8b0b528-b750-4b31-8e7e-e6e68569e05f",
          "title": "Misc",
          "fullFile": "",
          "file": "",
          "beforeHooks": [],
          "afterHooks": [],
          "tests": [
            {
              "title": ".end() - end the command chain",
              "fullTitle": "Misc .end() - end the command chain",
              "timedOut": null,
              "duration": 801,
              "state": "passed",
              "speed": "slow",
              "pass": true,
              "fail": false,
              "pending": false,
              "context": null,
              "code": "// https://on.cypress.io/end\n// cy.end is useful when you want to end a chain of commands\n// and force Cypress to re-query from the root element\ncy.get('.misc-table').within(function () {\n  // ends the current chain and yields null\n  cy.contains('Cheryl').click().end(); // queries the entire table again\n  cy.contains('Charles').click();\n});",
              "err": {},
              "uuid": "d8308d22-4d50-4cbd-8c4c-833e22e2f743",
              "parentUUID": "d8b0b528-b750-4b31-8e7e-e6e68569e05f",
              "isHook": false,
              "skipped": false
            },
            {
              "title": "cy.exec() - execute a system command",
              "fullTitle": "Misc cy.exec() - execute a system command",
              "timedOut": null,
              "duration": 1370,
              "state": "passed",
              "speed": "slow",
              "pass": true,
              "fail": false,
              "pending": false,
              "context": null,
              "code": "// execute a system command.\n// so you can take actions necessary for\n// your test outside the scope of Cypress.\n// https://on.cypress.io/exec\n// we can use Cypress.platform string to\n// select appropriate command\n// https://on.cypress/io/platform\ncy.log(\"Platform \".concat(Cypress.platform, \" architecture \").concat(Cypress.arch)); // on CircleCI Windows build machines we have a failure to run bash shell\n// https://github.com/cypress-io/cypress/issues/5169\n// so skip some of the tests by passing flag \"--env circle=true\"\nvar isCircleOnWindows = Cypress.platform === 'win32' && Cypress.env('circle');\nif (isCircleOnWindows) {\n  cy.log('Skipping test on CircleCI');\n  return;\n} // cy.exec problem on Shippable CI\n// https://github.com/cypress-io/cypress/issues/6718\n\nvar isShippable = Cypress.platform === 'linux' && Cypress.env('shippable');\nif (isShippable) {\n  cy.log('Skipping test on ShippableCI');\n  return;\n}\ncy.exec('echo Jane Lane').its('stdout').should('contain', 'Jane Lane');\nif (Cypress.platform === 'win32') {\n  cy.exec('print cypress.json').its('stderr').should('be.empty');\n} else {\n  cy.exec('cat cypress.json').its('stderr').should('be.empty');\n  cy.exec('pwd').its('code').should('eq', 0);\n}",
              "err": {},
              "uuid": "19a591d1-a0ef-416a-8016-e00654838115",
              "parentUUID": "d8b0b528-b750-4b31-8e7e-e6e68569e05f",
              "isHook": false,
              "skipped": false
            },
            {
              "title": "cy.focused() - get the DOM element that has focus",
              "fullTitle": "Misc cy.focused() - get the DOM element that has focus",
              "timedOut": null,
              "duration": 281,
              "state": "passed",
              "speed": "slow",
              "pass": true,
              "fail": false,
              "pending": false,
              "context": null,
              "code": "// https://on.cypress.io/focused\ncy.get('.misc-form').find('#name').click();\ncy.focused().should('have.id', 'name');\ncy.get('.misc-form').find('#description').click();\ncy.focused().should('have.id', 'description');",
              "err": {},
              "uuid": "2161db80-dc22-49dd-8f17-0fed1cc9134d",
              "parentUUID": "d8b0b528-b750-4b31-8e7e-e6e68569e05f",
              "isHook": false,
              "skipped": false
            },
            {
              "title": "cy.wrap() - wrap an object",
              "fullTitle": "Misc cy.wrap() - wrap an object",
              "timedOut": null,
              "duration": 127,
              "state": "passed",
              "speed": "slow",
              "pass": true,
              "fail": false,
              "pending": false,
              "context": null,
              "code": "// https://on.cypress.io/wrap\ncy.wrap({\n  foo: 'bar'\n}).should('have.property', 'foo').and('include', 'bar');",
              "err": {},
              "uuid": "777190e9-ea69-4df7-a2cb-2e138e81a98e",
              "parentUUID": "d8b0b528-b750-4b31-8e7e-e6e68569e05f",
              "isHook": false,
              "skipped": false
            }
          ],
          "suites": [
            {
              "uuid": "2efae062-ebf0-46ef-bf61-7b6bf261d1d0",
              "title": "Cypress.Screenshot",
              "fullFile": "",
              "file": "",
              "beforeHooks": [],
              "afterHooks": [],
              "tests": [
                {
                  "title": "cy.screenshot() - take a screenshot",
                  "fullTitle": "Misc Cypress.Screenshot cy.screenshot() - take a screenshot",
                  "timedOut": null,
                  "duration": 1959,
                  "state": "passed",
                  "speed": "slow",
                  "pass": true,
                  "fail": false,
                  "pending": false,
                  "context": null,
                  "code": "// https://on.cypress.io/screenshot\ncy.screenshot('my-image');",
                  "err": {},
                  "uuid": "1d087ed0-2ae5-41bf-b741-8308032cb7ae",
                  "parentUUID": "2efae062-ebf0-46ef-bf61-7b6bf261d1d0",
                  "isHook": false,
                  "skipped": false
                },
                {
                  "title": "Cypress.Screenshot.defaults() - change default config of screenshots",
                  "fullTitle": "Misc Cypress.Screenshot Cypress.Screenshot.defaults() - change default config of screenshots",
                  "timedOut": null,
                  "duration": 149,
                  "state": "passed",
                  "speed": "slow",
                  "pass": true,
                  "fail": false,
                  "pending": false,
                  "context": null,
                  "code": "Cypress.Screenshot.defaults({\n  blackout: ['.foo'],\n  capture: 'viewport',\n  clip: {\n    x: 0,\n    y: 0,\n    width: 200,\n    height: 200\n  },\n  scale: false,\n  disableTimersAndAnimations: true,\n  screenshotOnRunFailure: true,\n  onBeforeScreenshot: function onBeforeScreenshot() {},\n  onAfterScreenshot: function onAfterScreenshot() {}\n});",
                  "err": {},
                  "uuid": "af584a04-6d14-4f4c-afa6-a80286fd94fc",
                  "parentUUID": "2efae062-ebf0-46ef-bf61-7b6bf261d1d0",
                  "isHook": false,
                  "skipped": false
                }
              ],
              "suites": [],
              "passes": [
                "1d087ed0-2ae5-41bf-b741-8308032cb7ae",
                "af584a04-6d14-4f4c-afa6-a80286fd94fc"
              ],
              "failures": [],
              "pending": [],
              "skipped": [],
              "duration": 2108,
              "root": false,
              "rootEmpty": false,
              "_timeout": 2000
            }
          ],
          "passes": [
            "d8308d22-4d50-4cbd-8c4c-833e22e2f743",
            "19a591d1-a0ef-416a-8016-e00654838115",
            "2161db80-dc22-49dd-8f17-0fed1cc9134d",
            "777190e9-ea69-4df7-a2cb-2e138e81a98e"
          ],
          "failures": [],
          "pending": [],
          "skipped": [],
          "duration": 2579,
          "root": false,
          "rootEmpty": false,
          "_timeout": 2000
        }
      ],
      "passes": [],
      "failures": [],
      "pending": [],
      "skipped": [],
      "duration": 0,
      "root": true,
      "rootEmpty": true,
      "_timeout": 2000
    }
  ],
  "meta": {
    "mocha": {
      "version": "7.0.1"
    },
    "mochawesome": {
      "options": {
        "quiet": false,
        "reportFilename": "mochawesome",
        "saveHtml": true,
        "saveJson": true,
        "consoleReporter": "spec",
        "useInlineDiffs": false,
        "code": true
      },
      "version": "6.2.1"
    },
    "marge": {
      "options": {
        "reportDir": "cypress/reports",
        "reportFileName": "report",
        "overwrite": false,
        "html": true,
        "json": true,
        "charts": true
      },
      "version": "5.1.0"
    }
  }
}