<?xml version="1.0" encoding="UTF-8"?>
<testng-results ignored="0" total="1" passed="1" failed="0" skipped="0">
  <reporter-output>
  </reporter-output>
  <suite started-at="2021-02-08T20:46:21Z" name="Default suite" finished-at="2021-02-08T20:46:38Z" duration-ms="17024">
    <groups>
      <group name="cucumber">
        <method signature="AbstractTestNGCucumberTests.runScenario(io.cucumber.testng.PickleWrapper, io.cucumber.testng.FeatureWrapper)[pri:0, instance:stepDefinitions.ParallelRun@6bc407fd]" name="runScenario" class="io.cucumber.testng.AbstractTestNGCucumberTests"/>
      </group> <!-- cucumber -->
    </groups>
    <test started-at="2021-02-08T20:46:21Z" name="Default test" finished-at="2021-02-08T20:46:38Z" duration-ms="17024">
      <class name="stepDefinitions.ParallelRun">
        <test-method is-config="true" signature="setUpClass()[pri:0, instance:stepDefinitions.ParallelRun@6bc407fd]" started-at="2021-02-08T20:46:21Z" name="setUpClass" finished-at="2021-02-08T20:46:22Z" duration-ms="418" status="PASS">
          <reporter-output>
          </reporter-output>
        </test-method> <!-- setUpClass -->
        <test-method signature="runScenario(io.cucumber.testng.PickleWrapper, io.cucumber.testng.FeatureWrapper)[pri:0, instance:stepDefinitions.ParallelRun@6bc407fd]" started-at="2021-02-08T20:46:22Z" name="runScenario" description="Runs Cucumber Scenarios" data-provider="scenarios" finished-at="2021-02-08T20:46:33Z" duration-ms="11112" status="PASS">
          <params>
            <param index="0">
              <value>
                <![CDATA["Smoke Test"]]>
              </value>
            </param>
            <param index="1">
              <value>
                <![CDATA["Optional[Smoke Test for Socrative Application]"]]>
              </value>
            </param>
          </params>
          <reporter-output>
          </reporter-output>
        </test-method> <!-- runScenario -->
        <test-method is-config="true" signature="tearDownClass()[pri:0, instance:stepDefinitions.ParallelRun@6bc407fd]" started-at="2021-02-08T20:46:33Z" name="tearDownClass" finished-at="2021-02-08T20:46:38Z" duration-ms="5479" status="PASS">
          <reporter-output>
          </reporter-output>
        </test-method> <!-- tearDownClass -->
      </class> <!-- stepDefinitions.ParallelRun -->
    </test> <!-- Default test -->
  </suite> <!-- Default suite -->
</testng-results>
