<?xml version="1.0" encoding="UTF-8"?>
<!-- Generated by org.testng.reporters.JUnitReportReporter -->
<testsuite hostname="Rajivs-MacBook-Pro.local" failures="0" tests="1" name="stepDefinitions.ParallelRun" time="35.220" errors="1" timestamp="18 Feb. 2021 00:35:37 GMT" skipped="0">
  <testcase classname="stepDefinitions.ParallelRun" name="runScenario" time="35.220">
    <error message="Too many pattern letters: d" type="java.lang.IllegalArgumentException">
      <![CDATA[java.lang.IllegalArgumentException: Too many pattern letters: d
at java.base/java.time.format.DateTimeFormatterBuilder.parseField(DateTimeFormatterBuilder.java:1960)
at java.base/java.time.format.DateTimeFormatterBuilder.parsePattern(DateTimeFormatterBuilder.java:1742)
at java.base/java.time.format.DateTimeFormatterBuilder.appendPattern(DateTimeFormatterBuilder.java:1710)
at java.base/java.time.format.DateTimeFormatter.ofPattern(DateTimeFormatter.java:565)
at com.pages.ReportsPage.verifyDateAndTime(ReportsPage.java:74)
at stepDefinitions.ReportsPageSteps.teacher_verifies_the_date_and_time_of_the_report_in_the_page(ReportsPageSteps.java:48)
at ✽.Teacher verifies the date and time of the Report in the page(file:///Users/rajivvemula/SeleniumBVT/Automation-Socrative/src/java/resources/Features/SmokeTest.feature:89)
]]>
    </error>
  </testcase> <!-- runScenario -->
</testsuite> <!-- stepDefinitions.ParallelRun -->
