<?xml version="1.0" encoding="UTF-8"?>
<!-- Generated by org.testng.reporters.JUnitReportReporter -->
<testsuite hostname="Rajivs-MacBook-Pro.local" failures="1" tests="1" name="showbieStepDefinitions.ShowbieTestRunner" time="34.403" errors="0" timestamp="2021-03-05T13:51:27 MST" skipped="0">
  <testcase classname="showbieStepDefinitions.ShowbieTestRunner" name="runScenario" time="34.403">
    <failure message="expected:&lt;[press to view folders]&gt; but was:&lt;[add an assignment]&gt;" type="org.junit.ComparisonFailure">
      <![CDATA[org.junit.ComparisonFailure: expected:<[press to view folders]> but was:<[add an assignment]>
at org.junit.Assert.assertEquals(Assert.java:117)
at org.junit.Assert.assertEquals(Assert.java:146)
at showbieStepDefinitions.ShowbiePageSteps.teacher_views_guide_tip_in_the_page(ShowbiePageSteps.java:113)
at ✽.Techer views "press to view folders" guide tip in the page(file:///Users/rajivvemula/SeleniumBVT/Automation-Socrative/src/java/resources/Features/ShowbieSmokeTest.feature:35)
]]>
    </failure>
  </testcase> <!-- runScenario -->
  <system-out/>
</testsuite> <!-- showbieStepDefinitions.ShowbieTestRunner -->
